<![LOG[GetPropertyListForClassName - Failed to get class 'DatabaseProperties' from WMI namespace. Error 0x80041002]LOG]!><time="16:58:50.613+180" date="11-12-2020" component="InventoryProvider" context="" type="3" thread="5772" file="selectquery.cpp:995">
<![LOG[GetAllInstances - 0 instance(s) of 'C00000000_0000_0000_0000_000000000003' found]LOG]!><time="16:58:50.613+180" date="11-12-2020" component="InventoryProvider" context="" type="1" thread="5772" file="sqlceproviderbase.cpp:517">
<![LOG[PopulateInstance - Requested instance not found. New instance will be written in cache.]LOG]!><time="16:58:50.660+180" date="11-12-2020" component="InventoryProvider" context="" type="1" thread="5772" file="sqlceproviderbase.cpp:251">
<![LOG[PopulateInstance - Requested instance not found. New instance will be written in cache.]LOG]!><time="16:58:52.003+180" date="11-12-2020" component="InventoryProvider" context="" type="1" thread="5772" file="sqlceproviderbase.cpp:251">
<![LOG[PopulateInstance - Requested instance not found. New instance will be written in cache.]LOG]!><time="16:58:52.019+180" date="11-12-2020" component="InventoryProvider" context="" type="1" thread="5772" file="sqlceproviderbase.cpp:251">
<![LOG[PopulateInstance - Requested instance not found. New instance will be written in cache.]LOG]!><time="16:58:52.066+180" date="11-12-2020" component="InventoryProvider" context="" type="1" thread="5772" file="sqlceproviderbase.cpp:251">
<![LOG[PopulateInstance - Requested instance not found. New instance will be written in cache.]LOG]!><time="16:58:52.128+180" date="11-12-2020" component="InventoryProvider" context="" type="1" thread="5772" file="sqlceproviderbase.cpp:251">
<![LOG[PopulateInstance - Requested instance not found. New instance will be written in cache.]LOG]!><time="16:58:52.160+180" date="11-12-2020" component="InventoryProvider" context="" type="1" thread="5772" file="sqlceproviderbase.cpp:251">
<![LOG[PopulateInstance - Requested instance not found. New instance will be written in cache.]LOG]!><time="16:58:52.207+180" date="11-12-2020" component="InventoryProvider" context="" type="1" thread="5772" file="sqlceproviderbase.cpp:251">
<![LOG[PopulateInstance - Requested instance not found. New instance will be written in cache.]LOG]!><time="16:58:52.253+180" date="11-12-2020" component="InventoryProvider" context="" type="1" thread="5772" file="sqlceproviderbase.cpp:251">
<![LOG[PopulateInstance - Requested instance not found. New instance will be written in cache.]LOG]!><time="16:58:52.253+180" date="11-12-2020" component="InventoryProvider" context="" type="1" thread="5772" file="sqlceproviderbase.cpp:251">
<![LOG[PopulateInstance - Requested instance not found. New instance will be written in cache.]LOG]!><time="16:58:52.535+180" date="11-12-2020" component="InventoryProvider" context="" type="1" thread="5772" file="sqlceproviderbase.cpp:251">
<![LOG[PopulateInstance - Requested instance not found. New instance will be written in cache.]LOG]!><time="16:58:52.707+180" date="11-12-2020" component="InventoryProvider" context="" type="1" thread="5772" file="sqlceproviderbase.cpp:251">
<![LOG[PopulateInstance - Requested instance not found. New instance will be written in cache.]LOG]!><time="16:58:52.738+180" date="11-12-2020" component="InventoryProvider" context="" type="1" thread="5772" file="sqlceproviderbase.cpp:251">
<![LOG[PopulateInstance - Requested instance not found. New instance will be written in cache.]LOG]!><time="16:58:52.738+180" date="11-12-2020" component="InventoryProvider" context="" type="1" thread="5772" file="sqlceproviderbase.cpp:251">
<![LOG[PopulateInstance - Requested instance not found. New instance will be written in cache.]LOG]!><time="16:58:52.753+180" date="11-12-2020" component="InventoryProvider" context="" type="1" thread="5772" file="sqlceproviderbase.cpp:251">
<![LOG[PopulateInstance - Requested instance not found. New instance will be written in cache.]LOG]!><time="16:58:52.769+180" date="11-12-2020" component="InventoryProvider" context="" type="1" thread="5772" file="sqlceproviderbase.cpp:251">
<![LOG[PopulateInstance - Requested instance not found. New instance will be written in cache.]LOG]!><time="16:58:53.878+180" date="11-12-2020" component="InventoryProvider" context="" type="1" thread="5772" file="sqlceproviderbase.cpp:251">
<![LOG[GetAllInstances - 16 instance(s) of 'C00000000_0000_0000_0000_000000000003' found]LOG]!><time="16:58:53.910+180" date="11-12-2020" component="InventoryProvider" context="" type="1" thread="5772" file="sqlceproviderbase.cpp:517">
<![LOG[GetAllInstances - 16 instance(s) of 'C00000000_0000_0000_0000_000000000003' found]LOG]!><time="16:58:53.910+180" date="11-12-2020" component="InventoryProvider" context="" type="1" thread="5772" file="sqlceproviderbase.cpp:517">
<![LOG[GetAllInstances - 16 instance(s) of 'C00000000_0000_0000_0000_000000000003' found]LOG]!><time="16:58:53.988+180" date="11-12-2020" component="InventoryProvider" context="" type="1" thread="5772" file="sqlceproviderbase.cpp:517">
<![LOG[GetAllInstances - 1 instance(s) of 'InventoryActionStatus' found]LOG]!><time="16:58:54.238+180" date="11-12-2020" component="InventoryProvider" context="" type="1" thread="5772" file="sqlceproviderbase.cpp:517">
<![LOG[[0000014FD2B3EEA0] Received shutdown request from WMI]LOG]!><time="16:59:41.917+180" date="11-12-2020" component="InventoryProvider" context="" type="1" thread="5772" file="inventoryprovider.cpp:95">
<![LOG[GetPropertyListForClassName - Failed to get class 'DatabaseProperties' from WMI namespace. Error 0x80041002]LOG]!><time="16:59:46.386+180" date="11-12-2020" component="InventoryProvider" context="" type="3" thread="5772" file="selectquery.cpp:995">
<![LOG[GetAllInstances - 32 instance(s) of 'C00000000_0000_0000_0000_000000000003' found]LOG]!><time="16:59:46.401+180" date="11-12-2020" component="InventoryProvider" context="" type="1" thread="5772" file="sqlceproviderbase.cpp:517">
<![LOG[GetAllInstances - 32 instance(s) of 'C00000000_0000_0000_0000_000000000003' found]LOG]!><time="16:59:51.151+180" date="11-12-2020" component="InventoryProvider" context="" type="1" thread="11664" file="sqlceproviderbase.cpp:517">
<![LOG[GetAllInstances - 32 instance(s) of 'C00000000_0000_0000_0000_000000000003' found]LOG]!><time="16:59:51.151+180" date="11-12-2020" component="InventoryProvider" context="" type="1" thread="11664" file="sqlceproviderbase.cpp:517">
<![LOG[GetAllInstances - 16 instance(s) of 'C00000000_0000_0000_0000_000000000003' found]LOG]!><time="16:59:51.463+180" date="11-12-2020" component="InventoryProvider" context="" type="1" thread="5772" file="sqlceproviderbase.cpp:517">
<![LOG[GetAllInstances - 32 instance(s) of 'C00000000_0000_0000_0000_000000000003' found]LOG]!><time="17:00:24.948+180" date="11-12-2020" component="InventoryProvider" context="" type="1" thread="5772" file="sqlceproviderbase.cpp:517">
<![LOG[GetAllInstances - 32 instance(s) of 'C00000000_0000_0000_0000_000000000003' found]LOG]!><time="17:00:27.713+180" date="11-12-2020" component="InventoryProvider" context="" type="1" thread="5772" file="sqlceproviderbase.cpp:517">
<![LOG[GetAllInstances - 32 instance(s) of 'C00000000_0000_0000_0000_000000000003' found]LOG]!><time="17:00:27.713+180" date="11-12-2020" component="InventoryProvider" context="" type="1" thread="5772" file="sqlceproviderbase.cpp:517">
<![LOG[GetAllInstances - 16 instance(s) of 'C00000000_0000_0000_0000_000000000003' found]LOG]!><time="17:00:28.026+180" date="11-12-2020" component="InventoryProvider" context="" type="1" thread="5772" file="sqlceproviderbase.cpp:517">
<![LOG[[0000014FD2B4B0A0] Received shutdown request from WMI]LOG]!><time="17:02:00.763+180" date="11-12-2020" component="InventoryProvider" context="" type="1" thread="11664" file="inventoryprovider.cpp:95">
<![LOG[GetPropertyListForClassName - Failed to get class 'DatabaseProperties' from WMI namespace. Error 0x80041002]LOG]!><time="13:58:56.937+180" date="01-22-2021" component="InventoryProvider" context="" type="3" thread="6560" file="selectquery.cpp:995">
<![LOG[GetAllInstances - 32 instance(s) of 'C00000000_0000_0000_0000_000000000003' found]LOG]!><time="13:58:56.969+180" date="01-22-2021" component="InventoryProvider" context="" type="1" thread="6560" file="sqlceproviderbase.cpp:517">
<![LOG[PopulateInstance - Requested instance not found. New instance will be written in cache.]LOG]!><time="13:58:57.828+180" date="01-22-2021" component="InventoryProvider" context="" type="1" thread="11088" file="sqlceproviderbase.cpp:251">
<![LOG[PopulateInstance - Requested instance not found. New instance will be written in cache.]LOG]!><time="13:59:01.390+180" date="01-22-2021" component="InventoryProvider" context="" type="1" thread="11088" file="sqlceproviderbase.cpp:251">
<![LOG[PopulateInstance - Requested instance not found. New instance will be written in cache.]LOG]!><time="13:59:01.453+180" date="01-22-2021" component="InventoryProvider" context="" type="1" thread="11088" file="sqlceproviderbase.cpp:251">
<![LOG[PopulateInstance - Requested instance not found. New instance will be written in cache.]LOG]!><time="13:59:02.437+180" date="01-22-2021" component="InventoryProvider" context="" type="1" thread="11088" file="sqlceproviderbase.cpp:251">
<![LOG[GetAllInstances - 32 instance(s) of 'C00000000_0000_0000_0000_000000000003' found]LOG]!><time="13:59:03.969+180" date="01-22-2021" component="InventoryProvider" context="" type="1" thread="11088" file="sqlceproviderbase.cpp:517">
<![LOG[GetAllInstances - 32 instance(s) of 'C00000000_0000_0000_0000_000000000003' found]LOG]!><time="13:59:03.984+180" date="01-22-2021" component="InventoryProvider" context="" type="1" thread="11088" file="sqlceproviderbase.cpp:517">
<![LOG[GetAllInstances - 16 instance(s) of 'C00000000_0000_0000_0000_000000000003' found]LOG]!><time="13:59:04.766+180" date="01-22-2021" component="InventoryProvider" context="" type="1" thread="11088" file="sqlceproviderbase.cpp:517">
<![LOG[[000001667ECAEEA0] Received shutdown request from WMI]LOG]!><time="14:02:09.140+180" date="01-22-2021" component="InventoryProvider" context="" type="1" thread="6560" file="inventoryprovider.cpp:95">
<![LOG[GetPropertyListForClassName - Failed to get class 'DatabaseProperties' from WMI namespace. Error 0x80041002]LOG]!><time="14:36:56.323+180" date="01-22-2021" component="InventoryProvider" context="" type="3" thread="4992" file="selectquery.cpp:995">
<![LOG[GetAllInstances - 0 instance(s) of 'C00000000_0000_0000_0000_000000000002' found]LOG]!><time="14:36:56.335+180" date="01-22-2021" component="InventoryProvider" context="" type="1" thread="5544" file="sqlceproviderbase.cpp:517">
<![LOG[[0000012264FE1F40] Received shutdown request from WMI]LOG]!><time="14:37:58.051+180" date="01-22-2021" component="InventoryProvider" context="" type="1" thread="5544" file="inventoryprovider.cpp:95">
<![LOG[GetPropertyListForClassName - Failed to get class 'DatabaseProperties' from WMI namespace. Error 0x80041002]LOG]!><time="15:14:40.682+180" date="01-22-2021" component="InventoryProvider" context="" type="3" thread="580" file="selectquery.cpp:995">
<![LOG[PopulateInstance - Requested instance not found. New instance will be written in cache.]LOG]!><time="15:14:40.712+180" date="01-22-2021" component="InventoryProvider" context="" type="1" thread="580" file="sqlceproviderbase.cpp:251">
<![LOG[HandleDeleteObjectAsync - Unable to obtain WMI instance of object to be deleted, 0x8004100f]LOG]!><time="15:14:40.718+180" date="01-22-2021" component="InventoryProvider" context="" type="3" thread="580" file="wmiproviderbase.cpp:571">
<![LOG[GetAllInstances - 0 instance(s) of 'C00000000_0000_0000_0000_000000000010' found]LOG]!><time="15:14:40.812+180" date="01-22-2021" component="InventoryProvider" context="" type="1" thread="580" file="sqlceproviderbase.cpp:517">
<![LOG[GetAllInstances - 0 instance(s) of 'C00000000_0000_0000_0000_000000000001' found]LOG]!><time="15:14:41.204+180" date="01-22-2021" component="InventoryProvider" context="" type="1" thread="580" file="sqlceproviderbase.cpp:517">
<![LOG[GetAllInstances - 0 instance(s) of 'C00000000_0000_0000_0000_000000000002' found]LOG]!><time="15:14:42.105+180" date="01-22-2021" component="InventoryProvider" context="" type="1" thread="7456" file="sqlceproviderbase.cpp:517">
<![LOG[GetAllInstances - 0 instance(s) of 'C00000000_0000_0000_0000_000000000010' found]LOG]!><time="15:14:42.658+180" date="01-22-2021" component="InventoryProvider" context="" type="1" thread="7456" file="sqlceproviderbase.cpp:517">
<![LOG[GetAllInstances - 0 instance(s) of 'C00000000_0000_0000_0000_000000000001' found]LOG]!><time="15:14:43.487+180" date="01-22-2021" component="InventoryProvider" context="" type="1" thread="7456" file="sqlceproviderbase.cpp:517">
<![LOG[GetAllInstances - 0 instance(s) of 'C00000000_0000_0000_0000_000000000002' found]LOG]!><time="15:14:43.888+180" date="01-22-2021" component="InventoryProvider" context="" type="1" thread="7456" file="sqlceproviderbase.cpp:517">
<![LOG[[000001E3C930F2E0] Received shutdown request from WMI]LOG]!><time="15:15:34.644+180" date="01-22-2021" component="InventoryProvider" context="" type="1" thread="7456" file="inventoryprovider.cpp:95">
